[0.834s] Invoking command in '/home/qxyt56fr/kako/ros2_ws/src/mypkg': PYTHONPATH=/home/qxyt56fr/kako/ros2_ws/src/mypkg/build/mypkg/prefix_override:/home/qxyt56fr/kako/ros2_ws/src/mypkg/install/mypkg/lib/python3.8/site-packages:${PYTHONPATH} /usr/bin/python3 setup.py egg_info --egg-base build/mypkg build --build-base /home/qxyt56fr/kako/ros2_ws/src/mypkg/build/mypkg/build install --record /home/qxyt56fr/kako/ros2_ws/src/mypkg/build/mypkg/install.log --install-scripts $base/lib/mypkg --single-version-externally-managed
[1.016s] running egg_info
[1.016s] writing build/mypkg/mypkg.egg-info/PKG-INFO
[1.016s] writing dependency_links to build/mypkg/mypkg.egg-info/dependency_links.txt
[1.016s] writing entry points to build/mypkg/mypkg.egg-info/entry_points.txt
[1.017s] writing requirements to build/mypkg/mypkg.egg-info/requires.txt
[1.017s] writing top-level names to build/mypkg/mypkg.egg-info/top_level.txt
[1.044s] reading manifest file 'build/mypkg/mypkg.egg-info/SOURCES.txt'
[1.044s] writing manifest file 'build/mypkg/mypkg.egg-info/SOURCES.txt'
[1.045s] running build
[1.045s] running build_py
[1.045s] copying mypkg/talker.py -> /home/qxyt56fr/kako/ros2_ws/src/mypkg/build/mypkg/build/lib/mypkg
[1.045s] running install
[1.046s] running install_lib
[1.047s] copying /home/qxyt56fr/kako/ros2_ws/src/mypkg/build/mypkg/build/lib/mypkg/talker.py -> /home/qxyt56fr/kako/ros2_ws/src/mypkg/install/mypkg/lib/python3.8/site-packages/mypkg
[1.047s] byte-compiling /home/qxyt56fr/kako/ros2_ws/src/mypkg/install/mypkg/lib/python3.8/site-packages/mypkg/talker.py to talker.cpython-38.pyc
[1.049s] running install_data
[1.050s] running install_egg_info
[1.052s] removing '/home/qxyt56fr/kako/ros2_ws/src/mypkg/install/mypkg/lib/python3.8/site-packages/mypkg-0.0.0-py3.8.egg-info' (and everything under it)
[1.053s] Copying build/mypkg/mypkg.egg-info to /home/qxyt56fr/kako/ros2_ws/src/mypkg/install/mypkg/lib/python3.8/site-packages/mypkg-0.0.0-py3.8.egg-info
[1.054s] running install_scripts
[1.072s] Installing listener script to /home/qxyt56fr/kako/ros2_ws/src/mypkg/install/mypkg/lib/mypkg
[1.072s] Installing talker script to /home/qxyt56fr/kako/ros2_ws/src/mypkg/install/mypkg/lib/mypkg
[1.072s] writing list of installed files to '/home/qxyt56fr/kako/ros2_ws/src/mypkg/build/mypkg/install.log'
[1.093s] Invoked command in '/home/qxyt56fr/kako/ros2_ws/src/mypkg' returned '0': PYTHONPATH=/home/qxyt56fr/kako/ros2_ws/src/mypkg/build/mypkg/prefix_override:/home/qxyt56fr/kako/ros2_ws/src/mypkg/install/mypkg/lib/python3.8/site-packages:${PYTHONPATH} /usr/bin/python3 setup.py egg_info --egg-base build/mypkg build --build-base /home/qxyt56fr/kako/ros2_ws/src/mypkg/build/mypkg/build install --record /home/qxyt56fr/kako/ros2_ws/src/mypkg/build/mypkg/install.log --install-scripts $base/lib/mypkg --single-version-externally-managed
