[0.888s] Invoking command in '/home/qxyt56fr/kako/ros2_ws/src/mypkg': PYTHONPATH=/home/qxyt56fr/kako/ros2_ws/src/mypkg/build/mypkg/prefix_override:/home/qxyt56fr/kako/ros2_ws/src/mypkg/install/mypkg/lib/python3.8/site-packages:${PYTHONPATH} /usr/bin/python3 setup.py egg_info --egg-base build/mypkg build --build-base /home/qxyt56fr/kako/ros2_ws/src/mypkg/build/mypkg/build install --record /home/qxyt56fr/kako/ros2_ws/src/mypkg/build/mypkg/install.log --install-scripts $base/lib/mypkg --single-version-externally-managed
[1.094s] running egg_info
[1.094s] creating build/mypkg/mypkg.egg-info
[1.095s] writing build/mypkg/mypkg.egg-info/PKG-INFO
[1.095s] writing dependency_links to build/mypkg/mypkg.egg-info/dependency_links.txt
[1.095s] writing entry points to build/mypkg/mypkg.egg-info/entry_points.txt
[1.096s] writing requirements to build/mypkg/mypkg.egg-info/requires.txt
[1.096s] writing top-level names to build/mypkg/mypkg.egg-info/top_level.txt
[1.097s] writing manifest file 'build/mypkg/mypkg.egg-info/SOURCES.txt'
[1.128s] reading manifest file 'build/mypkg/mypkg.egg-info/SOURCES.txt'
[1.129s] writing manifest file 'build/mypkg/mypkg.egg-info/SOURCES.txt'
[1.129s] running build
[1.129s] running build_py
[1.129s] creating /home/qxyt56fr/kako/ros2_ws/src/mypkg/build/mypkg/build
[1.130s] creating /home/qxyt56fr/kako/ros2_ws/src/mypkg/build/mypkg/build/lib
[1.130s] creating /home/qxyt56fr/kako/ros2_ws/src/mypkg/build/mypkg/build/lib/mypkg
[1.130s] copying mypkg/talker.py -> /home/qxyt56fr/kako/ros2_ws/src/mypkg/build/mypkg/build/lib/mypkg
[1.130s] copying mypkg/listener.py -> /home/qxyt56fr/kako/ros2_ws/src/mypkg/build/mypkg/build/lib/mypkg
[1.130s] copying mypkg/__init__.py -> /home/qxyt56fr/kako/ros2_ws/src/mypkg/build/mypkg/build/lib/mypkg
[1.131s] running install
[1.131s] running install_lib
[1.132s] creating /home/qxyt56fr/kako/ros2_ws/src/mypkg/install/mypkg/lib/python3.8/site-packages/mypkg
[1.132s] copying /home/qxyt56fr/kako/ros2_ws/src/mypkg/build/mypkg/build/lib/mypkg/talker.py -> /home/qxyt56fr/kako/ros2_ws/src/mypkg/install/mypkg/lib/python3.8/site-packages/mypkg
[1.132s] copying /home/qxyt56fr/kako/ros2_ws/src/mypkg/build/mypkg/build/lib/mypkg/listener.py -> /home/qxyt56fr/kako/ros2_ws/src/mypkg/install/mypkg/lib/python3.8/site-packages/mypkg
[1.132s] copying /home/qxyt56fr/kako/ros2_ws/src/mypkg/build/mypkg/build/lib/mypkg/__init__.py -> /home/qxyt56fr/kako/ros2_ws/src/mypkg/install/mypkg/lib/python3.8/site-packages/mypkg
[1.133s] byte-compiling /home/qxyt56fr/kako/ros2_ws/src/mypkg/install/mypkg/lib/python3.8/site-packages/mypkg/talker.py to talker.cpython-38.pyc
[1.134s] byte-compiling /home/qxyt56fr/kako/ros2_ws/src/mypkg/install/mypkg/lib/python3.8/site-packages/mypkg/listener.py to listener.cpython-38.pyc
[1.134s] byte-compiling /home/qxyt56fr/kako/ros2_ws/src/mypkg/install/mypkg/lib/python3.8/site-packages/mypkg/__init__.py to __init__.cpython-38.pyc
[1.135s] running install_data
[1.135s] creating /home/qxyt56fr/kako/ros2_ws/src/mypkg/install/mypkg/share/ament_index
[1.135s] creating /home/qxyt56fr/kako/ros2_ws/src/mypkg/install/mypkg/share/ament_index/resource_index
[1.136s] creating /home/qxyt56fr/kako/ros2_ws/src/mypkg/install/mypkg/share/ament_index/resource_index/packages
[1.136s] copying resource/mypkg -> /home/qxyt56fr/kako/ros2_ws/src/mypkg/install/mypkg/share/ament_index/resource_index/packages
[1.136s] copying package.xml -> /home/qxyt56fr/kako/ros2_ws/src/mypkg/install/mypkg/share/mypkg
[1.136s] copying launch/talk_listen.launch.py -> /home/qxyt56fr/kako/ros2_ws/src/mypkg/install/mypkg/share/mypkg
[1.136s] running install_egg_info
[1.137s] Copying build/mypkg/mypkg.egg-info to /home/qxyt56fr/kako/ros2_ws/src/mypkg/install/mypkg/lib/python3.8/site-packages/mypkg-0.0.0-py3.8.egg-info
[1.138s] running install_scripts
[1.156s] Installing listener script to /home/qxyt56fr/kako/ros2_ws/src/mypkg/install/mypkg/lib/mypkg
[1.157s] Installing talker script to /home/qxyt56fr/kako/ros2_ws/src/mypkg/install/mypkg/lib/mypkg
[1.157s] writing list of installed files to '/home/qxyt56fr/kako/ros2_ws/src/mypkg/build/mypkg/install.log'
[1.183s] Invoked command in '/home/qxyt56fr/kako/ros2_ws/src/mypkg' returned '0': PYTHONPATH=/home/qxyt56fr/kako/ros2_ws/src/mypkg/build/mypkg/prefix_override:/home/qxyt56fr/kako/ros2_ws/src/mypkg/install/mypkg/lib/python3.8/site-packages:${PYTHONPATH} /usr/bin/python3 setup.py egg_info --egg-base build/mypkg build --build-base /home/qxyt56fr/kako/ros2_ws/src/mypkg/build/mypkg/build install --record /home/qxyt56fr/kako/ros2_ws/src/mypkg/build/mypkg/install.log --install-scripts $base/lib/mypkg --single-version-externally-managed
